[04:41:23][订单关闭][成功] SERVER:[1] ACCOUNT:[admin] TRADE:[PAY202112110441102025] 未付款交易超时关闭或支付完成后全额退款。
[04:54:58][订单关闭][成功] SERVER:[1] ACCOUNT:[admin] TRADE:[PAY202112110454471852] 未付款交易超时关闭或支付完成后全额退款。
[05:56:47][订单关闭][成功] SERVER:[1] ACCOUNT:[admin] TRADE:[PAY202112110556069480] 未付款交易超时关闭或支付完成后全额退款。
[05:58:01][订单关闭][成功] SERVER:[1] ACCOUNT:[admin] TRADE:[PAY202112110557128722] 未付款交易超时关闭或支付完成后全额退款。
[05:59:11][订单关闭][成功] SERVER:[1] ACCOUNT:[admin] TRADE:[PAY202112110559021849] 未付款交易超时关闭或支付完成后全额退款。
[05:59:58][订单关闭][成功] SERVER:[1] ACCOUNT:[admin] TRADE:[PAY202112110559152012] 未付款交易超时关闭或支付完成后全额退款。
[06:02:20][订单关闭][成功] SERVER:[1] ACCOUNT:[admin] TRADE:[PAY202112110600083442] 未付款交易超时关闭或支付完成后全额退款。
[06:02:27][订单关闭][成功] SERVER:[1] ACCOUNT:[admin] TRADE:[PAY202112110602228707] 未付款交易超时关闭或支付完成后全额退款。
[08:33:00][订单关闭][成功] SERVER:[1] ACCOUNT:[admin] TRADE:[PAY202112112032576766] 未付款交易超时关闭或支付完成后全额退款。
[08:33:06][订单关闭][成功] SERVER:[1] ACCOUNT:[admin] TRADE:[PAY202112112033039220] 未付款交易超时关闭或支付完成后全额退款。
[08:33:11][订单关闭][成功] SERVER:[1] ACCOUNT:[admin] TRADE:[PAY202112112033097258] 未付款交易超时关闭或支付完成后全额退款。
[09:05:05][订单关闭][成功] SERVER:[1] ACCOUNT:[admin] TRADE:[PAY202112112105047295] 未付款交易超时关闭或支付完成后全额退款。
[09:05:07][订单关闭][成功] SERVER:[1] ACCOUNT:[admin] TRADE:[PAY202112112105065485] 未付款交易超时关闭或支付完成后全额退款。
[09:08:38][订单关闭][成功] SERVER:[1] ACCOUNT:[admin] TRADE:[PAY202112112108366958] 未付款交易超时关闭或支付完成后全额退款。
[09:08:42][订单关闭][成功] SERVER:[1] ACCOUNT:[admin] TRADE:[PAY202112112108409916] 未付款交易超时关闭或支付完成后全额退款。
[09:09:39][订单关闭][成功] SERVER:[1] ACCOUNT:[admin] TRADE:[PAY202112112109389343] 未付款交易超时关闭或支付完成后全额退款。
[09:09:43][订单关闭][成功] SERVER:[1] ACCOUNT:[admin] TRADE:[PAY202112112109425131] 未付款交易超时关闭或支付完成后全额退款。
[09:27:33][订单关闭][成功] SERVER:[1] ACCOUNT:[admin] TRADE:[PAY202112112127322942] 未付款交易超时关闭或支付完成后全额退款。
[09:27:36][订单关闭][成功] SERVER:[1] ACCOUNT:[admin] TRADE:[PAY202112112127346045] 未付款交易超时关闭或支付完成后全额退款。
[09:27:39][订单关闭][成功] SERVER:[1] ACCOUNT:[admin] TRADE:[PAY202112112127387115] 未付款交易超时关闭或支付完成后全额退款。
[10:23:33][订单关闭][成功] SERVER:[1] ACCOUNT:[admin] TRADE:[PAY202112112223305439] 未付款交易超时关闭或支付完成后全额退款。
[10:23:45][订单关闭][成功] SERVER:[1] ACCOUNT:[admin] TRADE:[PAY202112112223432691] 未付款交易超时关闭或支付完成后全额退款。
[11:03:31][订单关闭][成功] SERVER:[1] ACCOUNT:[admin] TRADE:[PAY202112112303299180] 未付款交易超时关闭或支付完成后全额退款。
[11:03:34][订单关闭][成功] SERVER:[1] ACCOUNT:[admin] TRADE:[PAY202112112303336773] 未付款交易超时关闭或支付完成后全额退款。
[11:03:38][订单关闭][成功] SERVER:[1] ACCOUNT:[admin] TRADE:[PAY202112112303365910] 未付款交易超时关闭或支付完成后全额退款。
[11:03:42][订单关闭][成功] SERVER:[1] ACCOUNT:[admin] TRADE:[PAY202112112303404409] 未付款交易超时关闭或支付完成后全额退款。
[11:03:46][订单关闭][成功] SERVER:[1] ACCOUNT:[admin] TRADE:[PAY202112112303443158] 未付款交易超时关闭或支付完成后全额退款。
[11:03:53][订单关闭][成功] SERVER:[1] ACCOUNT:[admin] TRADE:[PAY202112112303514846] 未付款交易超时关闭或支付完成后全额退款。
[11:28:26][订单关闭][成功] SERVER:[1] ACCOUNT:[admin] TRADE:[PAY202112112328244959] 未付款交易超时关闭或支付完成后全额退款。
[12:08:23][订单关闭][成功] SERVER:[1] ACCOUNT:[admin] TRADE:[PAY202112120008213520] 未付款交易超时关闭或支付完成后全额退款。
[12:08:26][订单关闭][成功] SERVER:[1] ACCOUNT:[admin] TRADE:[PAY202112120008253305] 未付款交易超时关闭或支付完成后全额退款。
[12:10:50][订单关闭][成功] SERVER:[1] ACCOUNT:[admin] TRADE:[PAY202112120010481475] 未付款交易超时关闭或支付完成后全额退款。
[12:10:55][订单关闭][成功] SERVER:[1] ACCOUNT:[admin] TRADE:[PAY202112120010535688] 未付款交易超时关闭或支付完成后全额退款。
[12:32:50][订单关闭][成功] SERVER:[1] ACCOUNT:[admin] TRADE:[PAY202112120032462285] 未付款交易超时关闭或支付完成后全额退款。
[12:32:57][订单关闭][成功] SERVER:[1] ACCOUNT:[admin] TRADE:[PAY202112120032567511] 未付款交易超时关闭或支付完成后全额退款。
[01:04:36][订单关闭][成功] SERVER:[1] ACCOUNT:[admin] TRADE:[PAY202112120104323103] 未付款交易超时关闭或支付完成后全额退款。
[01:04:41][订单关闭][成功] SERVER:[1] ACCOUNT:[admin] TRADE:[PAY202112120104376497] 未付款交易超时关闭或支付完成后全额退款。
[01:04:55][订单关闭][成功] SERVER:[1] ACCOUNT:[admin] TRADE:[PAY202112120104453155] 未付款交易超时关闭或支付完成后全额退款。
[01:05:28][订单关闭][成功] SERVER:[1] ACCOUNT:[admin] TRADE:[PAY202112120105261839] 未付款交易超时关闭或支付完成后全额退款。
[01:06:09][订单关闭][成功] SERVER:[1] ACCOUNT:[admin] TRADE:[PAY202112120105304558] 未付款交易超时关闭或支付完成后全额退款。
[01:06:13][订单关闭][成功] SERVER:[1] ACCOUNT:[admin] TRADE:[PAY202112120106101001] 未付款交易超时关闭或支付完成后全额退款。
[01:06:17][订单关闭][成功] SERVER:[1] ACCOUNT:[admin] TRADE:[PAY202112120106155962] 未付款交易超时关闭或支付完成后全额退款。
[01:06:24][订单关闭][成功] SERVER:[1] ACCOUNT:[admin] TRADE:[PAY202112120106219148] 未付款交易超时关闭或支付完成后全额退款。
[01:10:39][订单关闭][成功] SERVER:[1] ACCOUNT:[admin] TRADE:[PAY202112120110383515] 未付款交易超时关闭或支付完成后全额退款。
[01:11:01][订单关闭][成功] SERVER:[1] ACCOUNT:[admin] TRADE:[PAY202112120111006103] 未付款交易超时关闭或支付完成后全额退款。
[01:11:05][订单关闭][成功] SERVER:[1] ACCOUNT:[admin] TRADE:[PAY202112120111043664] 未付款交易超时关闭或支付完成后全额退款。
[01:11:08][订单关闭][成功] SERVER:[1] ACCOUNT:[admin] TRADE:[PAY202112120111072836] 未付款交易超时关闭或支付完成后全额退款。
[01:11:12][订单关闭][成功] SERVER:[1] ACCOUNT:[admin] TRADE:[PAY202112120111104721] 未付款交易超时关闭或支付完成后全额退款。
[01:11:42][订单关闭][成功] SERVER:[1] ACCOUNT:[admin] TRADE:[PAY202112120111405867] 未付款交易超时关闭或支付完成后全额退款。
[02:21:59][订单关闭][成功] SERVER:[1] ACCOUNT:[admin] TRADE:[PAY202112120221574786] 未付款交易超时关闭或支付完成后全额退款。
[02:43:05][订单关闭][成功] SERVER:[1] ACCOUNT:[admin] TRADE:[PAY202112120243039907] 未付款交易超时关闭或支付完成后全额退款。
[02:52:13][订单关闭][成功] SERVER:[1] ACCOUNT:[admin] TRADE:[PAY202112120251415851] 未付款交易超时关闭或支付完成后全额退款。
[02:52:14][订单关闭][成功] SERVER:[1] ACCOUNT:[admin] TRADE:[PAY202112120251415851] 未付款交易超时关闭或支付完成后全额退款。
[02:52:14][订单关闭][成功] SERVER:[1] ACCOUNT:[admin] TRADE:[PAY202112120251415851] 未付款交易超时关闭或支付完成后全额退款。
[02:52:15][订单关闭][成功] SERVER:[1] ACCOUNT:[admin] TRADE:[PAY202112120251415851] 未付款交易超时关闭或支付完成后全额退款。
[02:52:16][订单关闭][成功] SERVER:[1] ACCOUNT:[admin] TRADE:[PAY202112120251415851] 未付款交易超时关闭或支付完成后全额退款。
[02:52:16][订单关闭][成功] SERVER:[1] ACCOUNT:[admin] TRADE:[PAY202112120251415851] 未付款交易超时关闭或支付完成后全额退款。
[02:52:17][订单关闭][成功] SERVER:[1] ACCOUNT:[admin] TRADE:[PAY202112120251415851] 未付款交易超时关闭或支付完成后全额退款。
[02:52:18][订单关闭][成功] SERVER:[1] ACCOUNT:[admin] TRADE:[PAY202112120251415851] 未付款交易超时关闭或支付完成后全额退款。
[02:52:18][订单关闭][成功] SERVER:[1] ACCOUNT:[admin] TRADE:[PAY202112120251415851] 未付款交易超时关闭或支付完成后全额退款。
[02:58:53][订单关闭][成功] SERVER:[1] ACCOUNT:[admin] TRADE:[PAY202112120258276373] 未付款交易超时关闭或支付完成后全额退款。
[02:58:54][订单关闭][成功] SERVER:[1] ACCOUNT:[admin] TRADE:[PAY202112120258276373] 未付款交易超时关闭或支付完成后全额退款。
[02:58:54][订单关闭][成功] SERVER:[1] ACCOUNT:[admin] TRADE:[PAY202112120258276373] 未付款交易超时关闭或支付完成后全额退款。
[02:58:55][订单关闭][成功] SERVER:[1] ACCOUNT:[admin] TRADE:[PAY202112120258276373] 未付款交易超时关闭或支付完成后全额退款。
[02:58:55][订单关闭][成功] SERVER:[1] ACCOUNT:[admin] TRADE:[PAY202112120258276373] 未付款交易超时关闭或支付完成后全额退款。
[02:58:56][订单关闭][成功] SERVER:[1] ACCOUNT:[admin] TRADE:[PAY202112120258276373] 未付款交易超时关闭或支付完成后全额退款。
[02:58:56][订单关闭][成功] SERVER:[1] ACCOUNT:[admin] TRADE:[PAY202112120258276373] 未付款交易超时关闭或支付完成后全额退款。
[02:58:56][订单关闭][成功] SERVER:[1] ACCOUNT:[admin] TRADE:[PAY202112120258276373] 未付款交易超时关闭或支付完成后全额退款。
[02:58:57][订单关闭][成功] SERVER:[1] ACCOUNT:[admin] TRADE:[PAY202112120258276373] 未付款交易超时关闭或支付完成后全额退款。
[03:03:37][订单关闭][成功] SERVER:[1] ACCOUNT:[admin] TRADE:[PAY202112120258276373] 未付款交易超时关闭或支付完成后全额退款。
[03:03:46][订单关闭][成功] SERVER:[1] ACCOUNT:[admin] TRADE:[PAY202112120303374912] 未付款交易超时关闭或支付完成后全额退款。
[05:04:29][订单关闭][成功] SERVER:[1] ACCOUNT:[zzzzzz111] TRADE:[PAY202112120504149245] 未付款交易超时关闭或支付完成后全额退款。
[05:07:59][订单关闭][成功] SERVER:[1] ACCOUNT:[zzzzzz111] TRADE:[PAY202112120507492159] 未付款交易超时关闭或支付完成后全额退款。
[05:10:06][订单关闭][成功] SERVER:[1] ACCOUNT:[zzzzzz111] TRADE:[PAY202112120509557126] 未付款交易超时关闭或支付完成后全额退款。
[11:54:35][订单关闭][成功] SERVER:[1] ACCOUNT:[admin] TRADE:[PAY202112121154289674] 未付款交易超时关闭或支付完成后全额退款。
[05:16:26][订单关闭][成功] SERVER:[1] ACCOUNT:[admin] TRADE:[PAY202112130516249566] 未付款交易超时关闭或支付完成后全额退款。
[07:55:14][订单关闭][成功] SERVER:[1] ACCOUNT:[admin] TRADE:[PAY202112130754551133] 未付款交易超时关闭或支付完成后全额退款。
[07:55:26][订单关闭][成功] SERVER:[1] ACCOUNT:[admin] TRADE:[PAY202112130755196473] 未付款交易超时关闭或支付完成后全额退款。
[11:47:20][订单关闭][成功] SERVER:[1] ACCOUNT:[admin] TRADE:[PAY202112132347178746] 未付款交易超时关闭或支付完成后全额退款。
[12:22:18][订单关闭][成功] SERVER:[1] ACCOUNT:[admin] TRADE:[admin] 未付款交易超时关闭或支付完成后全额退款。
[12:33:39][订单关闭][成功] SERVER:[1] ACCOUNT:[admin] TRADE:[admin] 未付款交易超时关闭或支付完成后全额退款。
[12:33:43][订单关闭][成功] SERVER:[1] ACCOUNT:[admin] TRADE:[admin] 未付款交易超时关闭或支付完成后全额退款。
[12:33:47][订单关闭][成功] SERVER:[1] ACCOUNT:[admin] TRADE:[admin] 未付款交易超时关闭或支付完成后全额退款。
[12:58:43][订单关闭][成功] SERVER:[1] ACCOUNT:[admin] TRADE:[admin] 未付款交易超时关闭或支付完成后全额退款。
[12:58:46][订单关闭][成功] SERVER:[1] ACCOUNT:[admin] TRADE:[admin] 未付款交易超时关闭或支付完成后全额退款。
[12:58:49][订单关闭][成功] SERVER:[1] ACCOUNT:[admin] TRADE:[admin] 未付款交易超时关闭或支付完成后全额退款。
[12:58:53][订单关闭][成功] SERVER:[1] ACCOUNT:[admin] TRADE:[admin] 未付款交易超时关闭或支付完成后全额退款。
[01:09:43][订单关闭][成功] SERVER:[1] ACCOUNT:[admin] TRADE:[admin] 未付款交易超时关闭或支付完成后全额退款。
[02:32:55][订单关闭][成功] SERVER:[1] ACCOUNT:[admin] TRADE:[PAY202112140232545248] 未付款交易超时关闭或支付完成后全额退款。
[03:05:36][订单关闭][成功] SERVER:[1] ACCOUNT:[admin] TRADE:[PAY202112140305356251] 未付款交易超时关闭或支付完成后全额退款。
[03:09:56][订单关闭][成功] SERVER:[1] ACCOUNT:[admin] TRADE:[PAY202112140309024752] 未付款交易超时关闭或支付完成后全额退款。
[03:10:13][订单关闭][成功] SERVER:[1] ACCOUNT:[admin] TRADE:[PAY202112140310125171] 未付款交易超时关闭或支付完成后全额退款。
[03:29:06][订单关闭][成功] SERVER:[1] ACCOUNT:[admin] TRADE:[PAY202112140329046250] 未付款交易超时关闭或支付完成后全额退款。
[03:56:36][订单关闭][成功] SERVER:[1] ACCOUNT:[admin] TRADE:[PAY202112140356341329] 未付款交易超时关闭或支付完成后全额退款。
[04:03:33][订单关闭][成功] SERVER:[1] ACCOUNT:[admin] TRADE:[PAY202112140403266239] 未付款交易超时关闭或支付完成后全额退款。
[04:03:40][订单关闭][成功] SERVER:[1] ACCOUNT:[admin] TRADE:[PAY202112140403394054] 未付款交易超时关闭或支付完成后全额退款。
[05:09:24][转账付款][成功] SERVER:[1] [[九鼎奇迹]物品售卖成功] TRADE:[TOPAY202112140509233858] ALIPAY-ID:[2088302054421665][1] 支付成功。
[05:10:12][转账付款][成功] SERVER:[1] [[九鼎奇迹]物品售卖成功] TRADE:[TOPAY202112140510116779] ALIPAY-ID:[2088302054421665][1] 支付成功。
[05:10:16][转账付款][成功] SERVER:[1] [[九鼎奇迹]物品售卖成功] TRADE:[TOPAY202112140510151742] ALIPAY-ID:[2088302054421665][1] 支付成功。
[05:10:21][转账付款][成功] SERVER:[1] [[九鼎奇迹]物品售卖成功] TRADE:[TOPAY202112140510201616] ALIPAY-ID:[2088302054421665][1] 支付成功。
[05:10:53][转账付款][成功] SERVER:[1] [[九鼎奇迹]物品售卖成功] TRADE:[TOPAY202112140510521429] ALIPAY-ID:[2088302054421665][1] 支付成功。
[05:10:57][转账付款][成功] SERVER:[1] [[九鼎奇迹]物品售卖成功] TRADE:[TOPAY202112140510567585] ALIPAY-ID:[2088302054421665][1] 支付成功。
[05:11:03][转账付款][成功] SERVER:[1] [[九鼎奇迹]物品售卖成功] TRADE:[TOPAY202112140511027586] ALIPAY-ID:[2088302054421665][1] 支付成功。
[05:11:33][转账付款][成功] SERVER:[1] [[九鼎奇迹]物品售卖成功] TRADE:[TOPAY202112140511326696] ALIPAY-ID:[2088302054421665][1] 支付成功。
[05:11:38][转账付款][成功] SERVER:[1] [[九鼎奇迹]物品售卖成功] TRADE:[TOPAY202112140511372197] ALIPAY-ID:[2088302054421665][1] 支付成功。
[05:11:42][转账付款][成功] SERVER:[1] [[九鼎奇迹]物品售卖成功] TRADE:[TOPAY202112140511418634] ALIPAY-ID:[2088302054421665][1] 支付成功。
[05:12:15][转账付款][成功] SERVER:[1] [[九鼎奇迹]物品售卖成功] TRADE:[TOPAY202112140512142331] ALIPAY-ID:[2088302054421665][1] 支付成功。
[05:12:19][转账付款][成功] SERVER:[1] [[九鼎奇迹]物品售卖成功] TRADE:[TOPAY202112140512185543] ALIPAY-ID:[2088302054421665][1] 支付成功。
[05:12:23][转账付款][成功] SERVER:[1] [[九鼎奇迹]物品售卖成功] TRADE:[TOPAY202112140512231352] ALIPAY-ID:[2088302054421665][1] 支付成功。
[05:18:29][转账付款][成功] SERVER:[1] [[九鼎奇迹]物品售卖成功] TRADE:[TOPAY202112140518288958] ALIPAY-ID:[2088302054421665][1] 支付成功。
[05:18:29][转账付款][成功] SERVER:[1] [[九鼎奇迹]物品售卖成功] TRADE:[TOPAY202112140518288958] ALIPAY-ID:[2088302054421665][1] 支付成功。
[05:26:19][订单关闭][成功] SERVER:[1] ACCOUNT:[admin] TRADE:[PAY202112140522501923] 未付款交易超时关闭或支付完成后全额退款。
[05:26:34][转账付款][成功] SERVER:[1] [[九鼎奇迹]物品售卖成功] TRADE:[TOPAY202112140526335743] ALIPAY-ID:[2088302054421665][1] 支付成功。
[05:28:17][转账付款][成功] SERVER:[1] [[九鼎奇迹]物品售卖成功] TRADE:[TOPAY202112140528163934] ALIPAY-ID:[2088302054421665][1] 支付成功。
[12:38:25][转账付款][成功] SERVER:[0] [测试网址] TRADE:[433432424242] ALIPAY-ID:[40414138@qq.com][1] 支付成功。
[01:56:32][订单关闭][失败] SERVER:[0] ACCOUNT:[zxcv] TRADE:[b9124d670a9a19bf353453371caa0be8] ERROR:Insufficient Permissions-ISV权限不足，建议在开发者中心检查签约是否已经生效，解决办法详见：https://docs.open.alipay.com/common/isverror
[02:53:04][订单关闭][失败] SERVER:[0] ACCOUNT:[zxcv] TRADE:[d1fed1364c20d4500ea1c4e4f0e7c2f1] ERROR:Insufficient Permissions-ISV权限不足，建议在开发者中心检查签约是否已经生效，解决办法详见：https://docs.open.alipay.com/common/isverror
[02:53:11][订单关闭][失败] SERVER:[0] ACCOUNT:[zxcv] TRADE:[d1fed1364c20d4500ea1c4e4f0e7c2f1] ERROR:Insufficient Permissions-ISV权限不足，建议在开发者中心检查签约是否已经生效，解决办法详见：https://docs.open.alipay.com/common/isverror
[02:53:48][转账付款][成功] SERVER:[0] [[九鼎奇迹]物品售卖成功] TRADE:[TOPAY202112311453476798] ALIPAY-ID:[2088602996829605][1] 支付成功。
[04:14:43][订单关闭][失败] SERVER:[0] ACCOUNT:[adminn] TRADE:[d28631ae2c8dfdcb3f3fdcc628c85a13] ERROR:Insufficient Permissions-ISV权限不足，建议在开发者中心检查签约是否已经生效，解决办法详见：https://docs.open.alipay.com/common/isverror
[02:37:07][订单关闭][失败] SERVER:[0] ACCOUNT:[adminn] TRADE:[cc6d6e46031177bf659f73d1db68ca58] ERROR:Insufficient Permissions-ISV权限不足，建议在开发者中心检查签约是否已经生效，解决办法详见：https://docs.open.alipay.com/common/isverror
[02:46:54][订单关闭][失败] SERVER:[0] ACCOUNT:[adminn] TRADE:[6fb0efaacdca3bf33949d60fb3c113a1] ERROR:Insufficient Permissions-ISV权限不足，建议在开发者中心检查签约是否已经生效，解决办法详见：https://docs.open.alipay.com/common/isverror
[02:46:54][订单关闭][失败] SERVER:[0] ACCOUNT:[adminn] TRADE:[6fb0efaacdca3bf33949d60fb3c113a1] ERROR:Insufficient Permissions-ISV权限不足，建议在开发者中心检查签约是否已经生效，解决办法详见：https://docs.open.alipay.com/common/isverror
[02:49:23][订单关闭][失败] SERVER:[0] ACCOUNT:[adminn] TRADE:[c7c54170ccb5372ae233ff62820c690e] ERROR:Insufficient Permissions-ISV权限不足，建议在开发者中心检查签约是否已经生效，解决办法详见：https://docs.open.alipay.com/common/isverror
[02:49:23][订单关闭][失败] SERVER:[0] ACCOUNT:[adminn] TRADE:[c7c54170ccb5372ae233ff62820c690e] ERROR:Insufficient Permissions-ISV权限不足，建议在开发者中心检查签约是否已经生效，解决办法详见：https://docs.open.alipay.com/common/isverror
[02:51:39][订单关闭][失败] SERVER:[0] ACCOUNT:[adminn] TRADE:[fda43510061aaeaf79d0d9caa02cafef] ERROR:Insufficient Permissions-ISV权限不足，建议在开发者中心检查签约是否已经生效，解决办法详见：https://docs.open.alipay.com/common/isverror
[02:51:39][订单关闭][失败] SERVER:[0] ACCOUNT:[adminn] TRADE:[fda43510061aaeaf79d0d9caa02cafef] ERROR:Insufficient Permissions-ISV权限不足，建议在开发者中心检查签约是否已经生效，解决办法详见：https://docs.open.alipay.com/common/isverror
[02:53:33][转账付款][成功] SERVER:[0] [[九鼎奇迹]物品售卖成功] TRADE:[TOPAY202202141453326203] ALIPAY-ID:[2088202869066757][1.88] 支付成功。
[02:59:14][订单关闭][失败] SERVER:[0] ACCOUNT:[adminnn] TRADE:[c231a4e0cd0de3ccea013df037cbf298] ERROR:Insufficient Permissions-ISV权限不足，建议在开发者中心检查签约是否已经生效，解决办法详见：https://docs.open.alipay.com/common/isverror
[02:59:14][订单关闭][失败] SERVER:[0] ACCOUNT:[adminnn] TRADE:[c231a4e0cd0de3ccea013df037cbf298] ERROR:Insufficient Permissions-ISV权限不足，建议在开发者中心检查签约是否已经生效，解决办法详见：https://docs.open.alipay.com/common/isverror
[03:02:17][订单关闭][失败] SERVER:[0] ACCOUNT:[adminnn] TRADE:[b91d2f6f2043b410ceb67ad9e901caaa] ERROR:Insufficient Permissions-ISV权限不足，建议在开发者中心检查签约是否已经生效，解决办法详见：https://docs.open.alipay.com/common/isverror
[03:02:17][订单关闭][失败] SERVER:[0] ACCOUNT:[adminnn] TRADE:[b91d2f6f2043b410ceb67ad9e901caaa] ERROR:Insufficient Permissions-ISV权限不足，建议在开发者中心检查签约是否已经生效，解决办法详见：https://docs.open.alipay.com/common/isverror
[09:37:18][转账付款][成功] SERVER:[0] [[九鼎奇迹]物品售卖成功] TRADE:[TOPAY202202142137177996] ALIPAY-ID:[2088202869066757][0.94] 支付成功。
[10:09:15][订单关闭][失败] SERVER:[0] ACCOUNT:[c202020] TRADE:[4db490f1507539fa239326bdc6220479] ERROR:Insufficient Permissions-ISV权限不足，建议在开发者中心检查签约是否已经生效，解决办法详见：https://docs.open.alipay.com/common/isverror
[10:10:07][订单关闭][失败] SERVER:[0] ACCOUNT:[c202020] TRADE:[4db490f1507539fa239326bdc6220479] ERROR:Insufficient Permissions-ISV权限不足，建议在开发者中心检查签约是否已经生效，解决办法详见：https://docs.open.alipay.com/common/isverror
[10:10:34][订单关闭][失败] SERVER:[0] ACCOUNT:[c202020] TRADE:[4db490f1507539fa239326bdc6220479] ERROR:Insufficient Permissions-ISV权限不足，建议在开发者中心检查签约是否已经生效，解决办法详见：https://docs.open.alipay.com/common/isverror
[10:12:04][订单关闭][失败] SERVER:[0] ACCOUNT:[c202020] TRADE:[4db490f1507539fa239326bdc6220479] ERROR:Insufficient Permissions-ISV权限不足，建议在开发者中心检查签约是否已经生效，解决办法详见：https://docs.open.alipay.com/common/isverror
[10:12:32][订单关闭][失败] SERVER:[0] ACCOUNT:[c202020] TRADE:[4db490f1507539fa239326bdc6220479] ERROR:Insufficient Permissions-ISV权限不足，建议在开发者中心检查签约是否已经生效，解决办法详见：https://docs.open.alipay.com/common/isverror
[10:13:21][订单关闭][失败] SERVER:[0] ACCOUNT:[c202020] TRADE:[4db490f1507539fa239326bdc6220479] ERROR:Insufficient Permissions-ISV权限不足，建议在开发者中心检查签约是否已经生效，解决办法详见：https://docs.open.alipay.com/common/isverror
[10:17:14][订单关闭][失败] SERVER:[0] ACCOUNT:[c202020] TRADE:[4db490f1507539fa239326bdc6220479] ERROR:Insufficient Permissions-ISV权限不足，建议在开发者中心检查签约是否已经生效，解决办法详见：https://docs.open.alipay.com/common/isverror
[10:17:43][订单关闭][失败] SERVER:[0] ACCOUNT:[c202020] TRADE:[4db490f1507539fa239326bdc6220479] ERROR:Insufficient Permissions-ISV权限不足，建议在开发者中心检查签约是否已经生效，解决办法详见：https://docs.open.alipay.com/common/isverror
[10:20:05][订单关闭][失败] SERVER:[0] ACCOUNT:[c202020] TRADE:[4db490f1507539fa239326bdc6220479] ERROR:Insufficient Permissions-ISV权限不足，建议在开发者中心检查签约是否已经生效，解决办法详见：https://docs.open.alipay.com/common/isverror
[10:20:18][订单关闭][失败] SERVER:[0] ACCOUNT:[c202020] TRADE:[4db490f1507539fa239326bdc6220479] ERROR:Insufficient Permissions-ISV权限不足，建议在开发者中心检查签约是否已经生效，解决办法详见：https://docs.open.alipay.com/common/isverror
[10:21:01][订单关闭][失败] SERVER:[0] ACCOUNT:[c202020] TRADE:[4db490f1507539fa239326bdc6220479] ERROR:Insufficient Permissions-ISV权限不足，建议在开发者中心检查签约是否已经生效，解决办法详见：https://docs.open.alipay.com/common/isverror
[10:21:08][订单关闭][失败] SERVER:[0] ACCOUNT:[c202020] TRADE:[4db490f1507539fa239326bdc6220479] ERROR:Insufficient Permissions-ISV权限不足，建议在开发者中心检查签约是否已经生效，解决办法详见：https://docs.open.alipay.com/common/isverror
[10:29:05][订单关闭][失败] SERVER:[0] ACCOUNT:[c202020] TRADE:[4db490f1507539fa239326bdc6220479] ERROR:Insufficient Permissions-ISV权限不足，建议在开发者中心检查签约是否已经生效，解决办法详见：https://docs.open.alipay.com/common/isverror
[10:40:54][订单关闭][失败] SERVER:[0] ACCOUNT:[c202020] TRADE:[4db490f1507539fa239326bdc6220479] ERROR:Insufficient Permissions-ISV权限不足，建议在开发者中心检查签约是否已经生效，解决办法详见：https://docs.open.alipay.com/common/isverror
[11:04:26][订单关闭][失败] SERVER:[0] ACCOUNT:[c202020] TRADE:[4db490f1507539fa239326bdc6220479] ERROR:Insufficient Permissions-ISV权限不足，建议在开发者中心检查签约是否已经生效，解决办法详见：https://docs.open.alipay.com/common/isverror
[11:08:01][订单关闭][失败] SERVER:[0] ACCOUNT:[c202020] TRADE:[4db490f1507539fa239326bdc6220479] ERROR:Insufficient Permissions-ISV权限不足，建议在开发者中心检查签约是否已经生效，解决办法详见：https://docs.open.alipay.com/common/isverror
[11:08:20][订单关闭][失败] SERVER:[0] ACCOUNT:[c202020] TRADE:[4db490f1507539fa239326bdc6220479] ERROR:Insufficient Permissions-ISV权限不足，建议在开发者中心检查签约是否已经生效，解决办法详见：https://docs.open.alipay.com/common/isverror
[11:09:38][订单关闭][失败] SERVER:[0] ACCOUNT:[c202020] TRADE:[4db490f1507539fa239326bdc6220479] ERROR:Insufficient Permissions-ISV权限不足，建议在开发者中心检查签约是否已经生效，解决办法详见：https://docs.open.alipay.com/common/isverror
[11:10:04][订单关闭][失败] SERVER:[0] ACCOUNT:[c202020] TRADE:[4db490f1507539fa239326bdc6220479] ERROR:Insufficient Permissions-ISV权限不足，建议在开发者中心检查签约是否已经生效，解决办法详见：https://docs.open.alipay.com/common/isverror
[11:10:28][订单关闭][失败] SERVER:[0] ACCOUNT:[c202020] TRADE:[4db490f1507539fa239326bdc6220479] ERROR:Insufficient Permissions-ISV权限不足，建议在开发者中心检查签约是否已经生效，解决办法详见：https://docs.open.alipay.com/common/isverror
[11:11:00][订单关闭][失败] SERVER:[0] ACCOUNT:[c202020] TRADE:[4db490f1507539fa239326bdc6220479] ERROR:Insufficient Permissions-ISV权限不足，建议在开发者中心检查签约是否已经生效，解决办法详见：https://docs.open.alipay.com/common/isverror
[11:12:20][转账付款][成功] SERVER:[0] [[九鼎奇迹]物品售卖成功] TRADE:[TOPAY202202151112199608] ALIPAY-ID:[2088202869066757][0.94] 支付成功。
[11:21:26][转账付款][成功] SERVER:[0] [[九鼎奇迹]物品售卖成功] TRADE:[TOPAY202202151121258132] ALIPAY-ID:[2088202869066757][0.94] 支付成功。
[11:42:07][订单关闭][失败] SERVER:[0] ACCOUNT:[c202020] TRADE:[4db490f1507539fa239326bdc6220479] ERROR:Insufficient Permissions-ISV权限不足，建议在开发者中心检查签约是否已经生效，解决办法详见：https://docs.open.alipay.com/common/isverror
[11:42:25][订单关闭][失败] SERVER:[0] ACCOUNT:[c202020] TRADE:[4db490f1507539fa239326bdc6220479] ERROR:Insufficient Permissions-ISV权限不足，建议在开发者中心检查签约是否已经生效，解决办法详见：https://docs.open.alipay.com/common/isverror
[11:42:54][订单关闭][失败] SERVER:[0] ACCOUNT:[c202020] TRADE:[4db490f1507539fa239326bdc6220479] ERROR:Insufficient Permissions-ISV权限不足，建议在开发者中心检查签约是否已经生效，解决办法详见：https://docs.open.alipay.com/common/isverror
[11:43:24][订单关闭][失败] SERVER:[0] ACCOUNT:[c202020] TRADE:[4db490f1507539fa239326bdc6220479] ERROR:Insufficient Permissions-ISV权限不足，建议在开发者中心检查签约是否已经生效，解决办法详见：https://docs.open.alipay.com/common/isverror
[11:43:29][订单关闭][失败] SERVER:[0] ACCOUNT:[c202020] TRADE:[4db490f1507539fa239326bdc6220479] ERROR:Insufficient Permissions-ISV权限不足，建议在开发者中心检查签约是否已经生效，解决办法详见：https://docs.open.alipay.com/common/isverror
[11:43:40][订单关闭][失败] SERVER:[0] ACCOUNT:[c202020] TRADE:[4db490f1507539fa239326bdc6220479] ERROR:Insufficient Permissions-ISV权限不足，建议在开发者中心检查签约是否已经生效，解决办法详见：https://docs.open.alipay.com/common/isverror
[11:43:44][订单关闭][失败] SERVER:[0] ACCOUNT:[c202020] TRADE:[4db490f1507539fa239326bdc6220479] ERROR:Insufficient Permissions-ISV权限不足，建议在开发者中心检查签约是否已经生效，解决办法详见：https://docs.open.alipay.com/common/isverror
[11:44:51][订单关闭][失败] SERVER:[0] ACCOUNT:[c202020] TRADE:[4db490f1507539fa239326bdc6220479] ERROR:Insufficient Permissions-ISV权限不足，建议在开发者中心检查签约是否已经生效，解决办法详见：https://docs.open.alipay.com/common/isverror
[11:45:53][订单关闭][失败] SERVER:[0] ACCOUNT:[c202020] TRADE:[4db490f1507539fa239326bdc6220479] ERROR:Insufficient Permissions-ISV权限不足，建议在开发者中心检查签约是否已经生效，解决办法详见：https://docs.open.alipay.com/common/isverror
[11:52:30][订单关闭][失败] SERVER:[0] ACCOUNT:[c202020] TRADE:[4db490f1507539fa239326bdc6220479] ERROR:Insufficient Permissions-ISV权限不足，建议在开发者中心检查签约是否已经生效，解决办法详见：https://docs.open.alipay.com/common/isverror
[11:54:38][订单关闭][失败] SERVER:[0] ACCOUNT:[c202020] TRADE:[4db490f1507539fa239326bdc6220479] ERROR:Insufficient Permissions-ISV权限不足，建议在开发者中心检查签约是否已经生效，解决办法详见：https://docs.open.alipay.com/common/isverror
[11:55:47][转账付款][成功] SERVER:[0] [[九鼎奇迹]物品售卖成功] TRADE:[TOPAY202202151155457345] ALIPAY-ID:[2088202869066757][0.94] 支付成功。
[03:50:58][订单关闭][失败] SERVER:[0] ACCOUNT:[a202020] TRADE:[7278bd7499a8f21a0180193808c33877] ERROR:Insufficient Permissions-ISV权限不足，建议在开发者中心检查签约是否已经生效，解决办法详见：https://docs.open.alipay.com/common/isverror
[03:50:58][订单关闭][失败] SERVER:[0] ACCOUNT:[a202020] TRADE:[7278bd7499a8f21a0180193808c33877] ERROR:Insufficient Permissions-ISV权限不足，建议在开发者中心检查签约是否已经生效，解决办法详见：https://docs.open.alipay.com/common/isverror
[03:53:43][订单关闭][失败] SERVER:[0] ACCOUNT:[a202020] TRADE:[7278bd7499a8f21a0180193808c33877] ERROR:Insufficient Permissions-ISV权限不足，建议在开发者中心检查签约是否已经生效，解决办法详见：https://docs.open.alipay.com/common/isverror
[03:53:43][订单关闭][失败] SERVER:[0] ACCOUNT:[a202020] TRADE:[7278bd7499a8f21a0180193808c33877] ERROR:Insufficient Permissions-ISV权限不足，建议在开发者中心检查签约是否已经生效，解决办法详见：https://docs.open.alipay.com/common/isverror
[03:59:38][订单关闭][失败] SERVER:[0] ACCOUNT:[a202020] TRADE:[7278bd7499a8f21a0180193808c33877] ERROR:Insufficient Permissions-ISV权限不足，建议在开发者中心检查签约是否已经生效，解决办法详见：https://docs.open.alipay.com/common/isverror
[03:59:38][订单关闭][失败] SERVER:[0] ACCOUNT:[a202020] TRADE:[7278bd7499a8f21a0180193808c33877] ERROR:Insufficient Permissions-ISV权限不足，建议在开发者中心检查签约是否已经生效，解决办法详见：https://docs.open.alipay.com/common/isverror
[04:04:03][订单关闭][失败] SERVER:[0] ACCOUNT:[a202020] TRADE:[7278bd7499a8f21a0180193808c33877] ERROR:Insufficient Permissions-ISV权限不足，建议在开发者中心检查签约是否已经生效，解决办法详见：https://docs.open.alipay.com/common/isverror
[04:04:04][订单关闭][失败] SERVER:[0] ACCOUNT:[a202020] TRADE:[7278bd7499a8f21a0180193808c33877] ERROR:Insufficient Permissions-ISV权限不足，建议在开发者中心检查签约是否已经生效，解决办法详见：https://docs.open.alipay.com/common/isverror
[04:04:31][订单关闭][失败] SERVER:[0] ACCOUNT:[a202020] TRADE:[7278bd7499a8f21a0180193808c33877] ERROR:Insufficient Permissions-ISV权限不足，建议在开发者中心检查签约是否已经生效，解决办法详见：https://docs.open.alipay.com/common/isverror
[04:04:31][订单关闭][失败] SERVER:[0] ACCOUNT:[a202020] TRADE:[7278bd7499a8f21a0180193808c33877] ERROR:Insufficient Permissions-ISV权限不足，建议在开发者中心检查签约是否已经生效，解决办法详见：https://docs.open.alipay.com/common/isverror
[04:06:54][订单关闭][失败] SERVER:[0] ACCOUNT:[a202020] TRADE:[7278bd7499a8f21a0180193808c33877] ERROR:Insufficient Permissions-ISV权限不足，建议在开发者中心检查签约是否已经生效，解决办法详见：https://docs.open.alipay.com/common/isverror
[04:06:54][订单关闭][失败] SERVER:[0] ACCOUNT:[a202020] TRADE:[7278bd7499a8f21a0180193808c33877] ERROR:Insufficient Permissions-ISV权限不足，建议在开发者中心检查签约是否已经生效，解决办法详见：https://docs.open.alipay.com/common/isverror
[04:07:55][订单关闭][失败] SERVER:[0] ACCOUNT:[a202020] TRADE:[7278bd7499a8f21a0180193808c33877] ERROR:Insufficient Permissions-ISV权限不足，建议在开发者中心检查签约是否已经生效，解决办法详见：https://docs.open.alipay.com/common/isverror
[04:07:55][订单关闭][失败] SERVER:[0] ACCOUNT:[a202020] TRADE:[7278bd7499a8f21a0180193808c33877] ERROR:Insufficient Permissions-ISV权限不足，建议在开发者中心检查签约是否已经生效，解决办法详见：https://docs.open.alipay.com/common/isverror
[04:08:50][订单关闭][失败] SERVER:[0] ACCOUNT:[a202020] TRADE:[7278bd7499a8f21a0180193808c33877] ERROR:Insufficient Permissions-ISV权限不足，建议在开发者中心检查签约是否已经生效，解决办法详见：https://docs.open.alipay.com/common/isverror
[04:08:50][订单关闭][失败] SERVER:[0] ACCOUNT:[a202020] TRADE:[7278bd7499a8f21a0180193808c33877] ERROR:Insufficient Permissions-ISV权限不足，建议在开发者中心检查签约是否已经生效，解决办法详见：https://docs.open.alipay.com/common/isverror
[04:12:28][订单关闭][失败] SERVER:[0] ACCOUNT:[a202020] TRADE:[7278bd7499a8f21a0180193808c33877] ERROR:Insufficient Permissions-ISV权限不足，建议在开发者中心检查签约是否已经生效，解决办法详见：https://docs.open.alipay.com/common/isverror
[04:12:28][订单关闭][失败] SERVER:[0] ACCOUNT:[a202020] TRADE:[7278bd7499a8f21a0180193808c33877] ERROR:Insufficient Permissions-ISV权限不足，建议在开发者中心检查签约是否已经生效，解决办法详见：https://docs.open.alipay.com/common/isverror
[04:23:48][订单关闭][失败] SERVER:[0] ACCOUNT:[a202020] TRADE:[7278bd7499a8f21a0180193808c33877] ERROR:Insufficient Permissions-ISV权限不足，建议在开发者中心检查签约是否已经生效，解决办法详见：https://docs.open.alipay.com/common/isverror
[04:23:49][订单关闭][失败] SERVER:[0] ACCOUNT:[a202020] TRADE:[7278bd7499a8f21a0180193808c33877] ERROR:Insufficient Permissions-ISV权限不足，建议在开发者中心检查签约是否已经生效，解决办法详见：https://docs.open.alipay.com/common/isverror
[04:27:22][订单关闭][失败] SERVER:[0] ACCOUNT:[a202020] TRADE:[7278bd7499a8f21a0180193808c33877] ERROR:Insufficient Permissions-ISV权限不足，建议在开发者中心检查签约是否已经生效，解决办法详见：https://docs.open.alipay.com/common/isverror
[04:27:22][订单关闭][失败] SERVER:[0] ACCOUNT:[a202020] TRADE:[7278bd7499a8f21a0180193808c33877] ERROR:Insufficient Permissions-ISV权限不足，建议在开发者中心检查签约是否已经生效，解决办法详见：https://docs.open.alipay.com/common/isverror
[04:27:46][订单关闭][失败] SERVER:[0] ACCOUNT:[a202020] TRADE:[7278bd7499a8f21a0180193808c33877] ERROR:Insufficient Permissions-ISV权限不足，建议在开发者中心检查签约是否已经生效，解决办法详见：https://docs.open.alipay.com/common/isverror
[04:27:46][订单关闭][失败] SERVER:[0] ACCOUNT:[a202020] TRADE:[7278bd7499a8f21a0180193808c33877] ERROR:Insufficient Permissions-ISV权限不足，建议在开发者中心检查签约是否已经生效，解决办法详见：https://docs.open.alipay.com/common/isverror
[04:28:09][订单关闭][失败] SERVER:[0] ACCOUNT:[a202020] TRADE:[7278bd7499a8f21a0180193808c33877] ERROR:Insufficient Permissions-ISV权限不足，建议在开发者中心检查签约是否已经生效，解决办法详见：https://docs.open.alipay.com/common/isverror
[04:28:09][订单关闭][失败] SERVER:[0] ACCOUNT:[a202020] TRADE:[7278bd7499a8f21a0180193808c33877] ERROR:Insufficient Permissions-ISV权限不足，建议在开发者中心检查签约是否已经生效，解决办法详见：https://docs.open.alipay.com/common/isverror
[04:29:22][订单关闭][失败] SERVER:[0] ACCOUNT:[a202020] TRADE:[7278bd7499a8f21a0180193808c33877] ERROR:Insufficient Permissions-ISV权限不足，建议在开发者中心检查签约是否已经生效，解决办法详见：https://docs.open.alipay.com/common/isverror
[04:29:22][订单关闭][失败] SERVER:[0] ACCOUNT:[a202020] TRADE:[7278bd7499a8f21a0180193808c33877] ERROR:Insufficient Permissions-ISV权限不足，建议在开发者中心检查签约是否已经生效，解决办法详见：https://docs.open.alipay.com/common/isverror
[04:32:14][订单关闭][失败] SERVER:[0] ACCOUNT:[a202020] TRADE:[7278bd7499a8f21a0180193808c33877] ERROR:Insufficient Permissions-ISV权限不足，建议在开发者中心检查签约是否已经生效，解决办法详见：https://docs.open.alipay.com/common/isverror
[04:32:14][订单关闭][失败] SERVER:[0] ACCOUNT:[a202020] TRADE:[7278bd7499a8f21a0180193808c33877] ERROR:Insufficient Permissions-ISV权限不足，建议在开发者中心检查签约是否已经生效，解决办法详见：https://docs.open.alipay.com/common/isverror
[04:32:19][订单关闭][失败] SERVER:[0] ACCOUNT:[a202020] TRADE:[7278bd7499a8f21a0180193808c33877] ERROR:Insufficient Permissions-ISV权限不足，建议在开发者中心检查签约是否已经生效，解决办法详见：https://docs.open.alipay.com/common/isverror
[04:32:19][订单关闭][失败] SERVER:[0] ACCOUNT:[a202020] TRADE:[7278bd7499a8f21a0180193808c33877] ERROR:Insufficient Permissions-ISV权限不足，建议在开发者中心检查签约是否已经生效，解决办法详见：https://docs.open.alipay.com/common/isverror
[04:34:21][订单关闭][失败] SERVER:[0] ACCOUNT:[a202020] TRADE:[7278bd7499a8f21a0180193808c33877] ERROR:Insufficient Permissions-ISV权限不足，建议在开发者中心检查签约是否已经生效，解决办法详见：https://docs.open.alipay.com/common/isverror
[04:34:22][订单关闭][失败] SERVER:[0] ACCOUNT:[a202020] TRADE:[7278bd7499a8f21a0180193808c33877] ERROR:Insufficient Permissions-ISV权限不足，建议在开发者中心检查签约是否已经生效，解决办法详见：https://docs.open.alipay.com/common/isverror
[04:35:00][订单关闭][失败] SERVER:[0] ACCOUNT:[a202020] TRADE:[7278bd7499a8f21a0180193808c33877] ERROR:Insufficient Permissions-ISV权限不足，建议在开发者中心检查签约是否已经生效，解决办法详见：https://docs.open.alipay.com/common/isverror
[04:35:00][订单关闭][失败] SERVER:[0] ACCOUNT:[a202020] TRADE:[7278bd7499a8f21a0180193808c33877] ERROR:Insufficient Permissions-ISV权限不足，建议在开发者中心检查签约是否已经生效，解决办法详见：https://docs.open.alipay.com/common/isverror
[04:35:46][订单关闭][失败] SERVER:[0] ACCOUNT:[a202020] TRADE:[7278bd7499a8f21a0180193808c33877] ERROR:Insufficient Permissions-ISV权限不足，建议在开发者中心检查签约是否已经生效，解决办法详见：https://docs.open.alipay.com/common/isverror
[04:35:46][订单关闭][失败] SERVER:[0] ACCOUNT:[a202020] TRADE:[7278bd7499a8f21a0180193808c33877] ERROR:Insufficient Permissions-ISV权限不足，建议在开发者中心检查签约是否已经生效，解决办法详见：https://docs.open.alipay.com/common/isverror
[04:36:12][订单关闭][失败] SERVER:[0] ACCOUNT:[a202020] TRADE:[7278bd7499a8f21a0180193808c33877] ERROR:Insufficient Permissions-ISV权限不足，建议在开发者中心检查签约是否已经生效，解决办法详见：https://docs.open.alipay.com/common/isverror
[04:36:12][订单关闭][失败] SERVER:[0] ACCOUNT:[a202020] TRADE:[7278bd7499a8f21a0180193808c33877] ERROR:Insufficient Permissions-ISV权限不足，建议在开发者中心检查签约是否已经生效，解决办法详见：https://docs.open.alipay.com/common/isverror
[04:36:38][订单关闭][失败] SERVER:[0] ACCOUNT:[a202020] TRADE:[7278bd7499a8f21a0180193808c33877] ERROR:Insufficient Permissions-ISV权限不足，建议在开发者中心检查签约是否已经生效，解决办法详见：https://docs.open.alipay.com/common/isverror
[04:36:38][订单关闭][失败] SERVER:[0] ACCOUNT:[a202020] TRADE:[7278bd7499a8f21a0180193808c33877] ERROR:Insufficient Permissions-ISV权限不足，建议在开发者中心检查签约是否已经生效，解决办法详见：https://docs.open.alipay.com/common/isverror
[04:36:49][订单关闭][失败] SERVER:[0] ACCOUNT:[a202020] TRADE:[7278bd7499a8f21a0180193808c33877] ERROR:Insufficient Permissions-ISV权限不足，建议在开发者中心检查签约是否已经生效，解决办法详见：https://docs.open.alipay.com/common/isverror
[04:36:49][订单关闭][失败] SERVER:[0] ACCOUNT:[a202020] TRADE:[7278bd7499a8f21a0180193808c33877] ERROR:Insufficient Permissions-ISV权限不足，建议在开发者中心检查签约是否已经生效，解决办法详见：https://docs.open.alipay.com/common/isverror
[04:37:47][订单关闭][失败] SERVER:[0] ACCOUNT:[a202020] TRADE:[7278bd7499a8f21a0180193808c33877] ERROR:Insufficient Permissions-ISV权限不足，建议在开发者中心检查签约是否已经生效，解决办法详见：https://docs.open.alipay.com/common/isverror
[04:37:47][订单关闭][失败] SERVER:[0] ACCOUNT:[a202020] TRADE:[7278bd7499a8f21a0180193808c33877] ERROR:Insufficient Permissions-ISV权限不足，建议在开发者中心检查签约是否已经生效，解决办法详见：https://docs.open.alipay.com/common/isverror
[04:39:21][订单关闭][失败] SERVER:[0] ACCOUNT:[a202020] TRADE:[7278bd7499a8f21a0180193808c33877] ERROR:Insufficient Permissions-ISV权限不足，建议在开发者中心检查签约是否已经生效，解决办法详见：https://docs.open.alipay.com/common/isverror
[04:39:21][订单关闭][失败] SERVER:[0] ACCOUNT:[a202020] TRADE:[7278bd7499a8f21a0180193808c33877] ERROR:Insufficient Permissions-ISV权限不足，建议在开发者中心检查签约是否已经生效，解决办法详见：https://docs.open.alipay.com/common/isverror
[04:40:28][订单关闭][失败] SERVER:[0] ACCOUNT:[a202020] TRADE:[7278bd7499a8f21a0180193808c33877] ERROR:Insufficient Permissions-ISV权限不足，建议在开发者中心检查签约是否已经生效，解决办法详见：https://docs.open.alipay.com/common/isverror
[04:40:28][订单关闭][失败] SERVER:[0] ACCOUNT:[a202020] TRADE:[7278bd7499a8f21a0180193808c33877] ERROR:Insufficient Permissions-ISV权限不足，建议在开发者中心检查签约是否已经生效，解决办法详见：https://docs.open.alipay.com/common/isverror
[04:40:29][订单关闭][失败] SERVER:[0] ACCOUNT:[a202020] TRADE:[7278bd7499a8f21a0180193808c33877] ERROR:Insufficient Permissions-ISV权限不足，建议在开发者中心检查签约是否已经生效，解决办法详见：https://docs.open.alipay.com/common/isverror
[04:40:30][订单关闭][失败] SERVER:[0] ACCOUNT:[a202020] TRADE:[7278bd7499a8f21a0180193808c33877] ERROR:Insufficient Permissions-ISV权限不足，建议在开发者中心检查签约是否已经生效，解决办法详见：https://docs.open.alipay.com/common/isverror
[04:40:52][订单关闭][失败] SERVER:[0] ACCOUNT:[a202020] TRADE:[7278bd7499a8f21a0180193808c33877] ERROR:Insufficient Permissions-ISV权限不足，建议在开发者中心检查签约是否已经生效，解决办法详见：https://docs.open.alipay.com/common/isverror
[04:40:52][订单关闭][失败] SERVER:[0] ACCOUNT:[a202020] TRADE:[7278bd7499a8f21a0180193808c33877] ERROR:Insufficient Permissions-ISV权限不足，建议在开发者中心检查签约是否已经生效，解决办法详见：https://docs.open.alipay.com/common/isverror
[04:41:19][订单关闭][失败] SERVER:[0] ACCOUNT:[a202020] TRADE:[7278bd7499a8f21a0180193808c33877] ERROR:Insufficient Permissions-ISV权限不足，建议在开发者中心检查签约是否已经生效，解决办法详见：https://docs.open.alipay.com/common/isverror
[04:41:19][订单关闭][失败] SERVER:[0] ACCOUNT:[a202020] TRADE:[7278bd7499a8f21a0180193808c33877] ERROR:Insufficient Permissions-ISV权限不足，建议在开发者中心检查签约是否已经生效，解决办法详见：https://docs.open.alipay.com/common/isverror
[04:41:48][订单关闭][失败] SERVER:[0] ACCOUNT:[a202020] TRADE:[7278bd7499a8f21a0180193808c33877] ERROR:Insufficient Permissions-ISV权限不足，建议在开发者中心检查签约是否已经生效，解决办法详见：https://docs.open.alipay.com/common/isverror
[04:41:48][订单关闭][失败] SERVER:[0] ACCOUNT:[a202020] TRADE:[7278bd7499a8f21a0180193808c33877] ERROR:Insufficient Permissions-ISV权限不足，建议在开发者中心检查签约是否已经生效，解决办法详见：https://docs.open.alipay.com/common/isverror
[04:42:27][订单关闭][失败] SERVER:[0] ACCOUNT:[a202020] TRADE:[7278bd7499a8f21a0180193808c33877] ERROR:Insufficient Permissions-ISV权限不足，建议在开发者中心检查签约是否已经生效，解决办法详见：https://docs.open.alipay.com/common/isverror
[04:42:27][订单关闭][失败] SERVER:[0] ACCOUNT:[a202020] TRADE:[7278bd7499a8f21a0180193808c33877] ERROR:Insufficient Permissions-ISV权限不足，建议在开发者中心检查签约是否已经生效，解决办法详见：https://docs.open.alipay.com/common/isverror
[04:42:49][订单关闭][失败] SERVER:[0] ACCOUNT:[a202020] TRADE:[7278bd7499a8f21a0180193808c33877] ERROR:Insufficient Permissions-ISV权限不足，建议在开发者中心检查签约是否已经生效，解决办法详见：https://docs.open.alipay.com/common/isverror
[04:42:49][订单关闭][失败] SERVER:[0] ACCOUNT:[a202020] TRADE:[7278bd7499a8f21a0180193808c33877] ERROR:Insufficient Permissions-ISV权限不足，建议在开发者中心检查签约是否已经生效，解决办法详见：https://docs.open.alipay.com/common/isverror
[04:43:07][订单关闭][失败] SERVER:[0] ACCOUNT:[a202020] TRADE:[7278bd7499a8f21a0180193808c33877] ERROR:Insufficient Permissions-ISV权限不足，建议在开发者中心检查签约是否已经生效，解决办法详见：https://docs.open.alipay.com/common/isverror
[04:43:08][订单关闭][失败] SERVER:[0] ACCOUNT:[a202020] TRADE:[7278bd7499a8f21a0180193808c33877] ERROR:Insufficient Permissions-ISV权限不足，建议在开发者中心检查签约是否已经生效，解决办法详见：https://docs.open.alipay.com/common/isverror
[04:44:40][订单关闭][失败] SERVER:[0] ACCOUNT:[a202020] TRADE:[7278bd7499a8f21a0180193808c33877] ERROR:Insufficient Permissions-ISV权限不足，建议在开发者中心检查签约是否已经生效，解决办法详见：https://docs.open.alipay.com/common/isverror
[04:44:40][订单关闭][失败] SERVER:[0] ACCOUNT:[a202020] TRADE:[7278bd7499a8f21a0180193808c33877] ERROR:Insufficient Permissions-ISV权限不足，建议在开发者中心检查签约是否已经生效，解决办法详见：https://docs.open.alipay.com/common/isverror
[04:47:34][订单关闭][失败] SERVER:[0] ACCOUNT:[a202020] TRADE:[7278bd7499a8f21a0180193808c33877] ERROR:Insufficient Permissions-ISV权限不足，建议在开发者中心检查签约是否已经生效，解决办法详见：https://docs.open.alipay.com/common/isverror
[04:47:34][订单关闭][失败] SERVER:[0] ACCOUNT:[a202020] TRADE:[7278bd7499a8f21a0180193808c33877] ERROR:Insufficient Permissions-ISV权限不足，建议在开发者中心检查签约是否已经生效，解决办法详见：https://docs.open.alipay.com/common/isverror
[04:47:36][订单关闭][失败] SERVER:[0] ACCOUNT:[a202020] TRADE:[7278bd7499a8f21a0180193808c33877] ERROR:Insufficient Permissions-ISV权限不足，建议在开发者中心检查签约是否已经生效，解决办法详见：https://docs.open.alipay.com/common/isverror
[04:47:36][订单关闭][失败] SERVER:[0] ACCOUNT:[a202020] TRADE:[7278bd7499a8f21a0180193808c33877] ERROR:Insufficient Permissions-ISV权限不足，建议在开发者中心检查签约是否已经生效，解决办法详见：https://docs.open.alipay.com/common/isverror
[04:47:37][订单关闭][失败] SERVER:[0] ACCOUNT:[a202020] TRADE:[7278bd7499a8f21a0180193808c33877] ERROR:Insufficient Permissions-ISV权限不足，建议在开发者中心检查签约是否已经生效，解决办法详见：https://docs.open.alipay.com/common/isverror
[04:47:37][订单关闭][失败] SERVER:[0] ACCOUNT:[a202020] TRADE:[7278bd7499a8f21a0180193808c33877] ERROR:Insufficient Permissions-ISV权限不足，建议在开发者中心检查签约是否已经生效，解决办法详见：https://docs.open.alipay.com/common/isverror
[04:47:38][订单关闭][失败] SERVER:[0] ACCOUNT:[a202020] TRADE:[7278bd7499a8f21a0180193808c33877] ERROR:Insufficient Permissions-ISV权限不足，建议在开发者中心检查签约是否已经生效，解决办法详见：https://docs.open.alipay.com/common/isverror
[04:47:38][订单关闭][失败] SERVER:[0] ACCOUNT:[a202020] TRADE:[7278bd7499a8f21a0180193808c33877] ERROR:Insufficient Permissions-ISV权限不足，建议在开发者中心检查签约是否已经生效，解决办法详见：https://docs.open.alipay.com/common/isverror
[04:47:40][订单关闭][失败] SERVER:[0] ACCOUNT:[a202020] TRADE:[7278bd7499a8f21a0180193808c33877] ERROR:Insufficient Permissions-ISV权限不足，建议在开发者中心检查签约是否已经生效，解决办法详见：https://docs.open.alipay.com/common/isverror
[04:47:40][订单关闭][失败] SERVER:[0] ACCOUNT:[a202020] TRADE:[7278bd7499a8f21a0180193808c33877] ERROR:Insufficient Permissions-ISV权限不足，建议在开发者中心检查签约是否已经生效，解决办法详见：https://docs.open.alipay.com/common/isverror
[04:47:41][订单关闭][失败] SERVER:[0] ACCOUNT:[a202020] TRADE:[7278bd7499a8f21a0180193808c33877] ERROR:Insufficient Permissions-ISV权限不足，建议在开发者中心检查签约是否已经生效，解决办法详见：https://docs.open.alipay.com/common/isverror
[04:47:41][订单关闭][失败] SERVER:[0] ACCOUNT:[a202020] TRADE:[7278bd7499a8f21a0180193808c33877] ERROR:Insufficient Permissions-ISV权限不足，建议在开发者中心检查签约是否已经生效，解决办法详见：https://docs.open.alipay.com/common/isverror
[04:47:55][订单关闭][失败] SERVER:[0] ACCOUNT:[a202020] TRADE:[7278bd7499a8f21a0180193808c33877] ERROR:Insufficient Permissions-ISV权限不足，建议在开发者中心检查签约是否已经生效，解决办法详见：https://docs.open.alipay.com/common/isverror
[04:47:56][订单关闭][失败] SERVER:[0] ACCOUNT:[a202020] TRADE:[7278bd7499a8f21a0180193808c33877] ERROR:Insufficient Permissions-ISV权限不足，建议在开发者中心检查签约是否已经生效，解决办法详见：https://docs.open.alipay.com/common/isverror
[04:49:29][订单关闭][失败] SERVER:[0] ACCOUNT:[a202020] TRADE:[7278bd7499a8f21a0180193808c33877] ERROR:Insufficient Permissions-ISV权限不足，建议在开发者中心检查签约是否已经生效，解决办法详见：https://docs.open.alipay.com/common/isverror
[04:49:29][订单关闭][失败] SERVER:[0] ACCOUNT:[a202020] TRADE:[7278bd7499a8f21a0180193808c33877] ERROR:Insufficient Permissions-ISV权限不足，建议在开发者中心检查签约是否已经生效，解决办法详见：https://docs.open.alipay.com/common/isverror
[04:51:20][订单关闭][失败] SERVER:[0] ACCOUNT:[a202020] TRADE:[7278bd7499a8f21a0180193808c33877] ERROR:Insufficient Permissions-ISV权限不足，建议在开发者中心检查签约是否已经生效，解决办法详见：https://docs.open.alipay.com/common/isverror
[04:51:20][订单关闭][失败] SERVER:[0] ACCOUNT:[a202020] TRADE:[7278bd7499a8f21a0180193808c33877] ERROR:Insufficient Permissions-ISV权限不足，建议在开发者中心检查签约是否已经生效，解决办法详见：https://docs.open.alipay.com/common/isverror
[04:51:32][订单关闭][失败] SERVER:[0] ACCOUNT:[a202020] TRADE:[7278bd7499a8f21a0180193808c33877] ERROR:Insufficient Permissions-ISV权限不足，建议在开发者中心检查签约是否已经生效，解决办法详见：https://docs.open.alipay.com/common/isverror
[04:51:32][订单关闭][失败] SERVER:[0] ACCOUNT:[a202020] TRADE:[7278bd7499a8f21a0180193808c33877] ERROR:Insufficient Permissions-ISV权限不足，建议在开发者中心检查签约是否已经生效，解决办法详见：https://docs.open.alipay.com/common/isverror
[04:51:55][订单关闭][失败] SERVER:[0] ACCOUNT:[a202020] TRADE:[7278bd7499a8f21a0180193808c33877] ERROR:Insufficient Permissions-ISV权限不足，建议在开发者中心检查签约是否已经生效，解决办法详见：https://docs.open.alipay.com/common/isverror
[04:51:55][订单关闭][失败] SERVER:[0] ACCOUNT:[a202020] TRADE:[7278bd7499a8f21a0180193808c33877] ERROR:Insufficient Permissions-ISV权限不足，建议在开发者中心检查签约是否已经生效，解决办法详见：https://docs.open.alipay.com/common/isverror
[04:52:12][订单关闭][失败] SERVER:[0] ACCOUNT:[a202020] TRADE:[7278bd7499a8f21a0180193808c33877] ERROR:Insufficient Permissions-ISV权限不足，建议在开发者中心检查签约是否已经生效，解决办法详见：https://docs.open.alipay.com/common/isverror
[04:52:13][订单关闭][失败] SERVER:[0] ACCOUNT:[a202020] TRADE:[7278bd7499a8f21a0180193808c33877] ERROR:Insufficient Permissions-ISV权限不足，建议在开发者中心检查签约是否已经生效，解决办法详见：https://docs.open.alipay.com/common/isverror
[04:53:02][转账付款][成功] SERVER:[0] [[九鼎奇迹]物品售卖成功] TRADE:[TOPAY202202151653006084] ALIPAY-ID:[2088202869066757][1.88] 支付成功。
[04:53:28][订单关闭][失败] SERVER:[0] ACCOUNT:[a202020] TRADE:[7278bd7499a8f21a0180193808c33877] ERROR:Insufficient Permissions-ISV权限不足，建议在开发者中心检查签约是否已经生效，解决办法详见：https://docs.open.alipay.com/common/isverror
[04:53:28][订单关闭][失败] SERVER:[0] ACCOUNT:[a202020] TRADE:[7278bd7499a8f21a0180193808c33877] ERROR:Insufficient Permissions-ISV权限不足，建议在开发者中心检查签约是否已经生效，解决办法详见：https://docs.open.alipay.com/common/isverror
